<?xml version="1.0" encoding="UTF-8"?>
<!-- Generated by org.testng.reporters.JUnitReportReporter -->
<testsuite skipped="0" hostname="TUSHAR-TI11587" name="cucumber.test.TestRunner" tests="1" failures="0" timestamp="27 Aug 2020 17:02:29 GMT" time="22.412" errors="0">
  <testcase name="feature" time="22.412" classname="cucumber.test.TestRunner"/>
</testsuite> <!-- cucumber.test.TestRunner -->
