<?xml version="1.0" encoding="UTF-8"?>
<!-- Generated by org.testng.reporters.JUnitReportReporter -->
<testsuite skipped="0" hostname="TUSHAR-TI11587" name="cucumber.test.TestRunner" tests="1" failures="0" timestamp="27 Aug 2020 19:42:38 GMT" time="4.560" errors="0">
  <testcase name="feature" time="4.560" classname="cucumber.test.TestRunner"/>
</testsuite> <!-- cucumber.test.TestRunner -->
